2019-10-22T06:06:39+00:00 DEBUG 
====Stripe Version: 4.2.5====
====Start Log====
Keys are not set correctly.
====End Log====


2019-10-22T06:09:12+00:00 DEBUG 
====Stripe Version: 4.2.5====
====Start Log====
Keys are not set correctly.
====End Log====


2019-10-22T08:48:59+00:00 DEBUG 
====Stripe Version: 4.2.5====
====Start Log====
Keys are not set correctly.
====End Log====


2019-10-22T09:14:10+00:00 DEBUG 
====Stripe Version: 4.2.5====
====Start Log====
Keys are not set correctly.
====End Log====


2019-10-22T09:31:25+00:00 DEBUG 
====Stripe Version: 4.2.5====
====Start Log====
Keys are not set correctly.
====End Log====


2019-10-22T10:09:36+00:00 DEBUG 
====Stripe Version: 4.2.5====
====Start Log====
Keys are not set correctly.
====End Log====


2019-10-22T10:41:27+00:00 DEBUG 
====Stripe Version: 4.2.5====
====Start Log====
Keys are not set correctly.
====End Log====


